ASxxxx Assembler V02.00 + NoICE + SDCC mods  (GameBoy Z80-like CPU), page 1.
Hexadecimal [32-Bits]



    00000000                          1 _bg_tiles::
    00000000 00 00 00 00 00 00 00     2     .db 0x00, 0x00, 0x00, 0x00, 0x00, 0x00, 0x00, 0x00, 0x00, 0x00, 0x00, 0x00, 0x00, 0x00, 0x00, 0x00
             00 00 00 00 00 00 00
             00 00
    00000010 00 00 00 00 00 00 00     3     .db 0x00, 0x00, 0x00, 0x00, 0x00, 0x00, 0x00, 0x00, 0x00, 0x00, 0x00, 0x00, 0x00, 0x00, 0x00, 0x00
             00 00 00 00 00 00 00
             00 00
    00000020 00 00 00 00 00 00 00     4     .db 0x00, 0x00, 0x00, 0x00, 0x00, 0x00, 0x00, 0x00, 0x00, 0x00, 0x00, 0x00, 0x00, 0x00, 0x00, 0x00
             00 00 00 00 00 00 00
             00 00
    00000030 00 00 00 00 00 00 00     5     .db 0x00, 0x00, 0x00, 0x00, 0x00, 0x00, 0x00, 0x00, 0x00, 0x00, 0x00, 0x00, 0x00, 0x00, 0x00, 0x00
             00 00 00 00 00 00 00
             00 00
    00000040 00 00 00 00 00 00 00     6     .db 0x00, 0x00, 0x00, 0x00, 0x00, 0x00, 0x00, 0x00, 0x00, 0x00, 0x00, 0x00, 0x00, 0x00, 0x00, 0x00
             00 00 00 00 00 00 00
             00 00
    00000050 00 00 00 00 00 00 00     7     .db 0x00, 0x00, 0x00, 0x00, 0x00, 0x00, 0x00, 0x00, 0x00, 0x00, 0x00, 0x00, 0x00, 0x00, 0x00, 0x00
             00 00 00 00 00 00 00
             00 00
    00000060 00 00 00 00 00 00 00     8     .db 0x00, 0x00, 0x00, 0x00, 0x00, 0x00, 0x00, 0x00, 0x00, 0x00, 0x00, 0x00, 0x00, 0x00, 0x00, 0x00
             00 00 00 00 00 00 00
             00 00
    00000070 00 00 00 00 00 00 00     9     .db 0x00, 0x00, 0x00, 0x00, 0x00, 0x00, 0x00, 0x00, 0x00, 0x00, 0x00, 0x00, 0x00, 0x00, 0x00, 0x00
             00 00 00 00 00 00 00
             00 00
    00000080 00 00 00 00 00 00 00    10     .db 0x00, 0x00, 0x00, 0x00, 0x00, 0x00, 0x00, 0x00, 0x00, 0x00, 0x00, 0x00, 0x00, 0x00, 0x00, 0x00
             00 00 00 00 00 00 00
             00 00
    00000090 00 00 00 00 00 00 00    11     .db 0x00, 0x00, 0x00, 0x00, 0x00, 0x00, 0x00, 0x00, 0x00, 0x00, 0x00, 0x00, 0x00, 0x00, 0x00, 0x00
             00 00 00 00 00 00 00
             00 00
    000000A0 00 00 00 00 00 00 00    12     .db 0x00, 0x00, 0x00, 0x00, 0x00, 0x00, 0x00, 0x00, 0x00, 0x00, 0x00, 0x00, 0x00, 0x00, 0x00, 0x00
             00 00 00 00 00 00 00
             00 00
    000000B0 00 00 00 00 00 00 00    13     .db 0x00, 0x00, 0x00, 0x00, 0x00, 0x00, 0x00, 0x00, 0x00, 0x00, 0x00, 0x00, 0x00, 0x00, 0x00, 0x00
             00 00 00 00 00 00 00
             00 00
    000000C0 00 00 00 00 00 00 00    14     .db 0x00, 0x00, 0x00, 0x00, 0x00, 0x00, 0x00, 0x00, 0x00, 0x00, 0x00, 0x00, 0x00, 0x00, 0x00, 0x00
             00 00 00 00 00 00 00
             00 00
    000000D0 00 00 00 00 00 00 00    15     .db 0x00, 0x00, 0x00, 0x00, 0x00, 0x00, 0x00, 0x00, 0x00, 0x00, 0x00, 0x00, 0x00, 0x00, 0x00, 0x00
             00 00 00 00 00 00 00
             00 00
    000000E0 00 00 00 00 00 00 00    16     .db 0x00, 0x00, 0x00, 0x00, 0x00, 0x00, 0x00, 0x00, 0x00, 0x00, 0x00, 0x00, 0x00, 0x00, 0x00, 0x00
             00 00 00 00 00 00 00
             00 00
    000000F0 00 00 00 00 00 00 00    17     .db 0x00, 0x00, 0x00, 0x00, 0x00, 0x00, 0x00, 0x00, 0x00, 0x00, 0x00, 0x00, 0x00, 0x00, 0x00, 0x00
             00 00 00 00 00 00 00
             00 00
    00000100 00 00 00 00 00 00 00    18     .db 0x00, 0x00, 0x00, 0x00, 0x00, 0x00, 0x00, 0x00, 0x00, 0x00, 0x00, 0x00, 0x00, 0x00, 0x00, 0x00
             00 00 00 00 00 00 00
             00 00
    00000110 00 00 00 00 00 00 00    19     .db 0x00, 0x00, 0x00, 0x00, 0x00, 0x00, 0x00, 0x00, 0x00, 0x00, 0x00, 0x00, 0x00, 0x00, 0x00, 0x00
             00 00 00 00 00 00 00
             00 00
ASxxxx Assembler V02.00 + NoICE + SDCC mods  (GameBoy Z80-like CPU), page 2.
Hexadecimal [32-Bits]



    00000120 00 00 00 00 00 00 00    20     .db 0x00, 0x00, 0x00, 0x00, 0x00, 0x00, 0x00, 0x00, 0x00, 0x00, 0x00, 0x00, 0x00, 0x00, 0x00, 0x00
             00 00 00 00 00 00 00
             00 00
    00000130 00 00 00 00 00 00 00    21     .db 0x00, 0x00, 0x00, 0x00, 0x00, 0x00, 0x00, 0x00, 0x00, 0x00, 0x00, 0x00, 0x00, 0x00, 0x00, 0x00
             00 00 00 00 00 00 00
             00 00
    00000140 00 00 00 00 00 00 00    22     .db 0x00, 0x00, 0x00, 0x00, 0x00, 0x00, 0x00, 0x00, 0x00, 0x00, 0x00, 0x00, 0x00, 0x00, 0x00, 0x00
             00 00 00 00 00 00 00
             00 00
    00000150 00 00 00 00 00 00 00    23     .db 0x00, 0x00, 0x00, 0x00, 0x00, 0x00, 0x00, 0x00, 0x00, 0x00, 0x00, 0x00, 0x00, 0x00, 0x00, 0x00
             00 00 00 00 00 00 00
             00 00
    00000160 00 00 00 00 00 00 00    24     .db 0x00, 0x00, 0x00, 0x00, 0x00, 0x00, 0x00, 0x00, 0x00, 0x00, 0x00, 0x00, 0x00, 0x00, 0x00, 0x00
             00 00 00 00 00 00 00
             00 00
    00000170 00 00 00 00 00 00 00    25     .db 0x00, 0x00, 0x00, 0x00, 0x00, 0x00, 0x00, 0x00, 0x00, 0x00, 0x00, 0x00, 0x00, 0x00, 0x00, 0x00
             00 00 00 00 00 00 00
             00 00
    00000180 00 00 00 00 00 00 00    26     .db 0x00, 0x00, 0x00, 0x00, 0x00, 0x00, 0x00, 0x00, 0x00, 0x00, 0x00, 0x00, 0x00, 0x00, 0x00, 0x00
             00 00 00 00 00 00 00
             00 00
    00000190 00 00 00 00 00 00 00    27     .db 0x00, 0x00, 0x00, 0x00, 0x00, 0x00, 0x00, 0x00, 0x00, 0x00, 0x00, 0x00, 0x00, 0x00, 0x00, 0x00
             00 00 00 00 00 00 00
             00 00
    000001A0 00 00 00 00 00 00 00    28     .db 0x00, 0x00, 0x00, 0x00, 0x00, 0x00, 0x00, 0x00, 0x00, 0x00, 0x00, 0x00, 0x00, 0x00, 0x00, 0x00
             00 00 00 00 00 00 00
             00 00
    000001B0 00 00 00 00 00 00 00    29     .db 0x00, 0x00, 0x00, 0x00, 0x00, 0x00, 0x00, 0x00, 0x00, 0x00, 0x00, 0x00, 0x00, 0x00, 0x00, 0x00
             00 00 00 00 00 00 00
             00 00
    000001C0 00 00 00 00 00 00 00    30     .db 0x00, 0x00, 0x00, 0x00, 0x00, 0x00, 0x00, 0x00, 0x00, 0x00, 0x00, 0x00, 0x00, 0x00, 0x00, 0x00
             00 00 00 00 00 00 00
             00 00
    000001D0 00 00 00 00 00 00 00    31     .db 0x00, 0x00, 0x00, 0x00, 0x00, 0x00, 0x00, 0x00, 0x00, 0x00, 0x00, 0x00, 0x00, 0x00, 0x00, 0x00
             00 00 00 00 00 00 00
             00 00
    000001E0 00 00 00 00 00 00 00    32     .db 0x00, 0x00, 0x00, 0x00, 0x00, 0x00, 0x00, 0x00, 0x00, 0x00, 0x00, 0x00, 0x00, 0x00, 0x00, 0x00
             00 00 00 00 00 00 00
             00 00
    000001F0 00 00 00 00 00 00 00    33     .db 0x00, 0x00, 0x00, 0x00, 0x00, 0x00, 0x00, 0x00, 0x00, 0x00, 0x00, 0x00, 0x00, 0x00, 0x00, 0x00
             00 00 00 00 00 00 00
             00 00
    00000200 00 00 00 00 00 00 00    34     .db 0x00, 0x00, 0x00, 0x00, 0x00, 0x00, 0x00, 0x00, 0x00, 0x00, 0x00, 0x00, 0x00, 0x00, 0x00, 0x00
             00 00 00 00 00 00 00
             00 00
    00000210 00 00 08 08 08 08 08    35     .db 0x00, 0x00, 0x08, 0x08, 0x08, 0x08, 0x08, 0x08, 0x08, 0x08, 0x00, 0x00, 0x08, 0x08, 0x00, 0x00
             08 08 08 00 00 08 08
             00 00
    00000220 00 00 36 36 12 12 12    36     .db 0x00, 0x00, 0x36, 0x36, 0x12, 0x12, 0x12, 0x12, 0x00, 0x00, 0x00, 0x00, 0x00, 0x00, 0x00, 0x00
             12 00 00 00 00 00 00
             00 00
    00000230 00 00 24 24 7E 7E 24    37     .db 0x00, 0x00, 0x24, 0x24, 0x7E, 0x7E, 0x24, 0x24, 0x24, 0x24, 0x7E, 0x7E, 0x24, 0x24, 0x00, 0x00
             24 24 24 7E 7E 24 24
             00 00
    00000240 08 08 1E 1E 28 28 1C    38     .db 0x08, 0x08, 0x1E, 0x1E, 0x28, 0x28, 0x1C, 0x1C, 0x0A, 0x0A, 0x3C, 0x3C, 0x08, 0x08, 0x00, 0x00
ASxxxx Assembler V02.00 + NoICE + SDCC mods  (GameBoy Z80-like CPU), page 3.
Hexadecimal [32-Bits]



             1C 0A 0A 3C 3C 08 08
             00 00
    00000250 00 00 22 22 54 54 28    39     .db 0x00, 0x00, 0x22, 0x22, 0x54, 0x54, 0x28, 0x28, 0x14, 0x14, 0x2A, 0x2A, 0x44, 0x44, 0x00, 0x00
             28 14 14 2A 2A 44 44
             00 00
    00000260 00 00 18 18 24 24 30    40     .db 0x00, 0x00, 0x18, 0x18, 0x24, 0x24, 0x30, 0x30, 0x44, 0x44, 0x46, 0x46, 0x38, 0x38, 0x00, 0x00
             30 44 44 46 46 38 38
             00 00
    00000270 00 00 18 18 08 08 08    41     .db 0x00, 0x00, 0x18, 0x18, 0x08, 0x08, 0x08, 0x08, 0x00, 0x00, 0x00, 0x00, 0x00, 0x00, 0x00, 0x00
             08 00 00 00 00 00 00
             00 00
    00000280 00 00 08 08 10 10 10    42     .db 0x00, 0x00, 0x08, 0x08, 0x10, 0x10, 0x10, 0x10, 0x10, 0x10, 0x10, 0x10, 0x08, 0x08, 0x00, 0x00
             10 10 10 10 10 08 08
             00 00
    00000290 00 00 10 10 08 08 08    43     .db 0x00, 0x00, 0x10, 0x10, 0x08, 0x08, 0x08, 0x08, 0x08, 0x08, 0x08, 0x08, 0x10, 0x10, 0x00, 0x00
             08 08 08 08 08 10 10
             00 00
    000002A0 00 00 22 22 14 14 08    44     .db 0x00, 0x00, 0x22, 0x22, 0x14, 0x14, 0x08, 0x08, 0x14, 0x14, 0x22, 0x22, 0x00, 0x00, 0x00, 0x00
             08 14 14 22 22 00 00
             00 00
    000002B0 00 00 08 08 08 08 3E    45     .db 0x00, 0x00, 0x08, 0x08, 0x08, 0x08, 0x3E, 0x3E, 0x08, 0x08, 0x08, 0x08, 0x00, 0x00, 0x00, 0x00
             3E 08 08 08 08 00 00
             00 00
    000002C0 00 00 00 00 00 00 00    46     .db 0x00, 0x00, 0x00, 0x00, 0x00, 0x00, 0x00, 0x00, 0x18, 0x18, 0x08, 0x08, 0x08, 0x08, 0x00, 0x00
             00 18 18 08 08 08 08
             00 00
    000002D0 00 00 00 00 00 00 3E    47     .db 0x00, 0x00, 0x00, 0x00, 0x00, 0x00, 0x3E, 0x3E, 0x00, 0x00, 0x00, 0x00, 0x00, 0x00, 0x00, 0x00
             3E 00 00 00 00 00 00
             00 00
    000002E0 00 00 00 00 00 00 00    48     .db 0x00, 0x00, 0x00, 0x00, 0x00, 0x00, 0x00, 0x00, 0x00, 0x00, 0x08, 0x08, 0x00, 0x00, 0x00, 0x00
             00 00 00 08 08 00 00
             00 00
    000002F0 00 00 02 02 04 04 08    49     .db 0x00, 0x00, 0x02, 0x02, 0x04, 0x04, 0x08, 0x08, 0x10, 0x10, 0x20, 0x20, 0x40, 0x40, 0x00, 0x00
             08 10 10 20 20 40 40
             00 00
    00000300 00 00 3C 3C 46 46 46    50     .db 0x00, 0x00, 0x3C, 0x3C, 0x46, 0x46, 0x46, 0x46, 0x46, 0x46, 0x46, 0x46, 0x3C, 0x3C, 0x00, 0x00
             46 46 46 46 46 3C 3C
             00 00
    00000310 00 00 38 38 18 18 18    51     .db 0x00, 0x00, 0x38, 0x38, 0x18, 0x18, 0x18, 0x18, 0x18, 0x18, 0x18, 0x18, 0x18, 0x18, 0x00, 0x00
             18 18 18 18 18 18 18
             00 00
    00000320 00 00 7C 7C 06 06 3C    52     .db 0x00, 0x00, 0x7C, 0x7C, 0x06, 0x06, 0x3C, 0x3C, 0x60, 0x60, 0x60, 0x60, 0x7E, 0x7E, 0x00, 0x00
             3C 60 60 60 60 7E 7E
             00 00
    00000330 00 00 78 78 0C 0C 7C    53     .db 0x00, 0x00, 0x78, 0x78, 0x0C, 0x0C, 0x7C, 0x7C, 0x06, 0x06, 0x06, 0x06, 0x7C, 0x7C, 0x00, 0x00
             7C 06 06 06 06 7C 7C
             00 00
    00000340 00 00 4C 4C 4C 4C 4C    54     .db 0x00, 0x00, 0x4C, 0x4C, 0x4C, 0x4C, 0x4C, 0x4C, 0x4C, 0x4C, 0x7E, 0x7E, 0x0C, 0x0C, 0x00, 0x00
             4C 4C 4C 7E 7E 0C 0C
             00 00
    00000350 00 00 7C 7C 40 40 7C    55     .db 0x00, 0x00, 0x7C, 0x7C, 0x40, 0x40, 0x7C, 0x7C, 0x06, 0x06, 0x06, 0x06, 0x7C, 0x7C, 0x00, 0x00
             7C 06 06 06 06 7C 7C
             00 00
    00000360 00 00 3C 3C 40 40 7C    56     .db 0x00, 0x00, 0x3C, 0x3C, 0x40, 0x40, 0x7C, 0x7C, 0x46, 0x46, 0x46, 0x46, 0x3C, 0x3C, 0x00, 0x00
             7C 46 46 46 46 3C 3C
ASxxxx Assembler V02.00 + NoICE + SDCC mods  (GameBoy Z80-like CPU), page 4.
Hexadecimal [32-Bits]



             00 00
    00000370 00 00 7E 7E 06 06 06    57     .db 0x00, 0x00, 0x7E, 0x7E, 0x06, 0x06, 0x06, 0x06, 0x06, 0x06, 0x06, 0x06, 0x06, 0x06, 0x00, 0x00
             06 06 06 06 06 06 06
             00 00
    00000380 00 00 3C 3C 46 46 3C    58     .db 0x00, 0x00, 0x3C, 0x3C, 0x46, 0x46, 0x3C, 0x3C, 0x46, 0x46, 0x46, 0x46, 0x3C, 0x3C, 0x00, 0x00
             3C 46 46 46 46 3C 3C
             00 00
    00000390 00 00 3C 3C 46 46 46    59     .db 0x00, 0x00, 0x3C, 0x3C, 0x46, 0x46, 0x46, 0x46, 0x3E, 0x3E, 0x06, 0x06, 0x3C, 0x3C, 0x00, 0x00
             46 3E 3E 06 06 3C 3C
             00 00
    000003A0 00 00 18 18 18 18 00    60     .db 0x00, 0x00, 0x18, 0x18, 0x18, 0x18, 0x00, 0x00, 0x00, 0x00, 0x18, 0x18, 0x18, 0x18, 0x00, 0x00
             00 00 00 18 18 18 18
             00 00
    000003B0 00 00 18 18 18 18 00    61     .db 0x00, 0x00, 0x18, 0x18, 0x18, 0x18, 0x00, 0x00, 0x18, 0x18, 0x08, 0x08, 0x08, 0x08, 0x00, 0x00
             00 18 18 08 08 08 08
             00 00
    000003C0 00 00 00 00 04 04 08    62     .db 0x00, 0x00, 0x00, 0x00, 0x04, 0x04, 0x08, 0x08, 0x10, 0x10, 0x08, 0x08, 0x04, 0x04, 0x00, 0x00
             08 10 10 08 08 04 04
             00 00
    000003D0 00 00 00 00 3E 3E 00    63     .db 0x00, 0x00, 0x00, 0x00, 0x3E, 0x3E, 0x00, 0x00, 0x3E, 0x3E, 0x00, 0x00, 0x00, 0x00, 0x00, 0x00
             00 3E 3E 00 00 00 00
             00 00
    000003E0 00 00 00 00 20 20 10    64     .db 0x00, 0x00, 0x00, 0x00, 0x20, 0x20, 0x10, 0x10, 0x08, 0x08, 0x10, 0x10, 0x20, 0x20, 0x00, 0x00
             10 08 08 10 10 20 20
             00 00
    000003F0 00 00 1C 1C 22 22 22    65     .db 0x00, 0x00, 0x1C, 0x1C, 0x22, 0x22, 0x22, 0x22, 0x0C, 0x0C, 0x00, 0x00, 0x08, 0x08, 0x00, 0x00
             22 0C 0C 00 00 08 08
             00 00
    00000400 3C 3C 42 42 99 99 A5    66     .db 0x3C, 0x3C, 0x42, 0x42, 0x99, 0x99, 0xA5, 0xA5, 0x9E, 0x9E, 0x40, 0x40, 0x3F, 0x3F, 0x00, 0x00
             A5 9E 9E 40 40 3F 3F
             00 00
    00000410 00 00 3C 3C 42 42 42    67     .db 0x00, 0x00, 0x3C, 0x3C, 0x42, 0x42, 0x42, 0x42, 0x7E, 0x7E, 0x42, 0x42, 0x42, 0x42, 0x00, 0x00
             42 7E 7E 42 42 42 42
             00 00
    00000420 00 00 7C 7C 42 42 7C    68     .db 0x00, 0x00, 0x7C, 0x7C, 0x42, 0x42, 0x7C, 0x7C, 0x42, 0x42, 0x42, 0x42, 0x7C, 0x7C, 0x00, 0x00
             7C 42 42 42 42 7C 7C
             00 00
    00000430 00 00 3E 3E 40 40 40    69     .db 0x00, 0x00, 0x3E, 0x3E, 0x40, 0x40, 0x40, 0x40, 0x40, 0x40, 0x40, 0x40, 0x3E, 0x3E, 0x00, 0x00
             40 40 40 40 40 3E 3E
             00 00
    00000440 00 00 7C 7C 42 42 42    70     .db 0x00, 0x00, 0x7C, 0x7C, 0x42, 0x42, 0x42, 0x42, 0x42, 0x42, 0x42, 0x42, 0x7C, 0x7C, 0x00, 0x00
             42 42 42 42 42 7C 7C
             00 00
    00000450 00 00 7E 7E 40 40 7E    71     .db 0x00, 0x00, 0x7E, 0x7E, 0x40, 0x40, 0x7E, 0x7E, 0x40, 0x40, 0x40, 0x40, 0x7E, 0x7E, 0x00, 0x00
             7E 40 40 40 40 7E 7E
             00 00
    00000460 00 00 7E 7E 40 40 7E    72     .db 0x00, 0x00, 0x7E, 0x7E, 0x40, 0x40, 0x7E, 0x7E, 0x40, 0x40, 0x40, 0x40, 0x40, 0x40, 0x00, 0x00
             7E 40 40 40 40 40 40
             00 00
    00000470 00 00 3E 3E 40 40 4E    73     .db 0x00, 0x00, 0x3E, 0x3E, 0x40, 0x40, 0x4E, 0x4E, 0x42, 0x42, 0x42, 0x42, 0x3E, 0x3E, 0x00, 0x00
             4E 42 42 42 42 3E 3E
             00 00
    00000480 00 00 42 42 42 42 7E    74     .db 0x00, 0x00, 0x42, 0x42, 0x42, 0x42, 0x7E, 0x7E, 0x42, 0x42, 0x42, 0x42, 0x42, 0x42, 0x00, 0x00
             7E 42 42 42 42 42 42
             00 00
ASxxxx Assembler V02.00 + NoICE + SDCC mods  (GameBoy Z80-like CPU), page 5.
Hexadecimal [32-Bits]



    00000490 00 00 1C 1C 08 08 08    75     .db 0x00, 0x00, 0x1C, 0x1C, 0x08, 0x08, 0x08, 0x08, 0x08, 0x08, 0x08, 0x08, 0x1C, 0x1C, 0x00, 0x00
             08 08 08 08 08 1C 1C
             00 00
    000004A0 00 00 0E 0E 04 04 04    76     .db 0x00, 0x00, 0x0E, 0x0E, 0x04, 0x04, 0x04, 0x04, 0x44, 0x44, 0x44, 0x44, 0x38, 0x38, 0x00, 0x00
             04 44 44 44 44 38 38
             00 00
    000004B0 00 00 42 42 44 44 48    77     .db 0x00, 0x00, 0x42, 0x42, 0x44, 0x44, 0x48, 0x48, 0x58, 0x58, 0x64, 0x64, 0x42, 0x42, 0x00, 0x00
             48 58 58 64 64 42 42
             00 00
    000004C0 00 00 40 40 40 40 40    78     .db 0x00, 0x00, 0x40, 0x40, 0x40, 0x40, 0x40, 0x40, 0x40, 0x40, 0x40, 0x40, 0x7E, 0x7E, 0x00, 0x00
             40 40 40 40 40 7E 7E
             00 00
    000004D0 00 00 42 42 66 66 5A    79     .db 0x00, 0x00, 0x42, 0x42, 0x66, 0x66, 0x5A, 0x5A, 0x42, 0x42, 0x42, 0x42, 0x42, 0x42, 0x00, 0x00
             5A 42 42 42 42 42 42
             00 00
    000004E0 00 00 42 42 62 62 52    80     .db 0x00, 0x00, 0x42, 0x42, 0x62, 0x62, 0x52, 0x52, 0x4A, 0x4A, 0x46, 0x46, 0x42, 0x42, 0x00, 0x00
             52 4A 4A 46 46 42 42
             00 00
    000004F0 00 00 3C 3C 42 42 42    81     .db 0x00, 0x00, 0x3C, 0x3C, 0x42, 0x42, 0x42, 0x42, 0x42, 0x42, 0x42, 0x42, 0x3C, 0x3C, 0x00, 0x00
             42 42 42 42 42 3C 3C
             00 00
    00000500 00 00 7C 7C 42 42 42    82     .db 0x00, 0x00, 0x7C, 0x7C, 0x42, 0x42, 0x42, 0x42, 0x7C, 0x7C, 0x40, 0x40, 0x40, 0x40, 0x00, 0x00
             42 7C 7C 40 40 40 40
             00 00
    00000510 00 00 3C 3C 42 42 42    83     .db 0x00, 0x00, 0x3C, 0x3C, 0x42, 0x42, 0x42, 0x42, 0x4A, 0x4A, 0x44, 0x44, 0x3A, 0x3A, 0x00, 0x00
             42 4A 4A 44 44 3A 3A
             00 00
    00000520 00 00 7C 7C 42 42 42    84     .db 0x00, 0x00, 0x7C, 0x7C, 0x42, 0x42, 0x42, 0x42, 0x7C, 0x7C, 0x44, 0x44, 0x42, 0x42, 0x00, 0x00
             42 7C 7C 44 44 42 42
             00 00
    00000530 00 00 3E 3E 40 40 3C    85     .db 0x00, 0x00, 0x3E, 0x3E, 0x40, 0x40, 0x3C, 0x3C, 0x02, 0x02, 0x02, 0x02, 0x7C, 0x7C, 0x00, 0x00
             3C 02 02 02 02 7C 7C
             00 00
    00000540 00 00 3E 3E 08 08 08    86     .db 0x00, 0x00, 0x3E, 0x3E, 0x08, 0x08, 0x08, 0x08, 0x08, 0x08, 0x08, 0x08, 0x08, 0x08, 0x00, 0x00
             08 08 08 08 08 08 08
             00 00
    00000550 00 00 42 42 42 42 42    87     .db 0x00, 0x00, 0x42, 0x42, 0x42, 0x42, 0x42, 0x42, 0x42, 0x42, 0x42, 0x42, 0x3C, 0x3C, 0x00, 0x00
             42 42 42 42 42 3C 3C
             00 00
    00000560 00 00 42 42 42 42 42    88     .db 0x00, 0x00, 0x42, 0x42, 0x42, 0x42, 0x42, 0x42, 0x24, 0x24, 0x24, 0x24, 0x18, 0x18, 0x00, 0x00
             42 24 24 24 24 18 18
             00 00
    00000570 00 00 42 42 42 42 42    89     .db 0x00, 0x00, 0x42, 0x42, 0x42, 0x42, 0x42, 0x42, 0x5A, 0x5A, 0x66, 0x66, 0x42, 0x42, 0x00, 0x00
             42 5A 5A 66 66 42 42
             00 00
    00000580 00 00 42 42 24 24 18    90     .db 0x00, 0x00, 0x42, 0x42, 0x24, 0x24, 0x18, 0x18, 0x18, 0x18, 0x24, 0x24, 0x42, 0x42, 0x00, 0x00
             18 18 18 24 24 42 42
             00 00
    00000590 00 00 22 22 14 14 08    91     .db 0x00, 0x00, 0x22, 0x22, 0x14, 0x14, 0x08, 0x08, 0x08, 0x08, 0x08, 0x08, 0x08, 0x08, 0x00, 0x00
             08 08 08 08 08 08 08
             00 00
    000005A0 00 00 7E 7E 04 04 08    92     .db 0x00, 0x00, 0x7E, 0x7E, 0x04, 0x04, 0x08, 0x08, 0x10, 0x10, 0x20, 0x20, 0x7E, 0x7E, 0x00, 0x00
             08 10 10 20 20 7E 7E
             00 00
    000005B0 00 00 18 18 10 10 10    93     .db 0x00, 0x00, 0x18, 0x18, 0x10, 0x10, 0x10, 0x10, 0x10, 0x10, 0x10, 0x10, 0x18, 0x18, 0x00, 0x00
ASxxxx Assembler V02.00 + NoICE + SDCC mods  (GameBoy Z80-like CPU), page 6.
Hexadecimal [32-Bits]



             10 10 10 10 10 18 18
             00 00
    000005C0 00 00 40 40 20 20 10    94     .db 0x00, 0x00, 0x40, 0x40, 0x20, 0x20, 0x10, 0x10, 0x08, 0x08, 0x04, 0x04, 0x02, 0x02, 0x00, 0x00
             10 08 08 04 04 02 02
             00 00
    000005D0 00 00 18 18 08 08 08    95     .db 0x00, 0x00, 0x18, 0x18, 0x08, 0x08, 0x08, 0x08, 0x08, 0x08, 0x08, 0x08, 0x18, 0x18, 0x00, 0x00
             08 08 08 08 08 18 18
             00 00
    000005E0 00 00 08 08 14 14 22    96     .db 0x00, 0x00, 0x08, 0x08, 0x14, 0x14, 0x22, 0x22, 0x00, 0x00, 0x00, 0x00, 0x00, 0x00, 0x00, 0x00
             22 00 00 00 00 00 00
             00 00
    000005F0 00 00 00 00 00 00 00    97     .db 0x00, 0x00, 0x00, 0x00, 0x00, 0x00, 0x00, 0x00, 0x00, 0x00, 0x00, 0x00, 0xFF, 0xFF, 0x00, 0x00
             00 00 00 00 00 FF FF
             00 00
    00000600 00 00 18 18 10 10 10    98     .db 0x00, 0x00, 0x18, 0x18, 0x10, 0x10, 0x10, 0x10, 0x00, 0x00, 0x00, 0x00, 0x00, 0x00, 0x00, 0x00
             10 00 00 00 00 00 00
             00 00
    00000610 00 00 00 00 1C 1C 02    99     .db 0x00, 0x00, 0x00, 0x00, 0x1C, 0x1C, 0x02, 0x02, 0x1E, 0x1E, 0x22, 0x22, 0x1E, 0x1E, 0x00, 0x00
             02 1E 1E 22 22 1E 1E
             00 00
    00000620 00 00 20 20 20 20 2C   100     .db 0x00, 0x00, 0x20, 0x20, 0x20, 0x20, 0x2C, 0x2C, 0x32, 0x32, 0x22, 0x22, 0x3C, 0x3C, 0x00, 0x00
             2C 32 32 22 22 3C 3C
             00 00
    00000630 00 00 00 00 1E 1E 20   101     .db 0x00, 0x00, 0x00, 0x00, 0x1E, 0x1E, 0x20, 0x20, 0x20, 0x20, 0x20, 0x20, 0x1E, 0x1E, 0x00, 0x00
             20 20 20 20 20 1E 1E
             00 00
    00000640 00 00 02 02 02 02 1A   102     .db 0x00, 0x00, 0x02, 0x02, 0x02, 0x02, 0x1A, 0x1A, 0x26, 0x26, 0x22, 0x22, 0x1E, 0x1E, 0x00, 0x00
             1A 26 26 22 22 1E 1E
             00 00
    00000650 00 00 00 00 1C 1C 22   103     .db 0x00, 0x00, 0x00, 0x00, 0x1C, 0x1C, 0x22, 0x22, 0x3C, 0x3C, 0x20, 0x20, 0x1E, 0x1E, 0x00, 0x00
             22 3C 3C 20 20 1E 1E
             00 00
    00000660 00 00 0C 0C 10 10 3C   104     .db 0x00, 0x00, 0x0C, 0x0C, 0x10, 0x10, 0x3C, 0x3C, 0x10, 0x10, 0x10, 0x10, 0x10, 0x10, 0x00, 0x00
             3C 10 10 10 10 10 10
             00 00
    00000670 00 00 00 00 1E 1E 22   105     .db 0x00, 0x00, 0x00, 0x00, 0x1E, 0x1E, 0x22, 0x22, 0x1E, 0x1E, 0x02, 0x02, 0x3C, 0x3C, 0x00, 0x00
             22 1E 1E 02 02 3C 3C
             00 00
    00000680 00 00 20 20 20 20 2C   106     .db 0x00, 0x00, 0x20, 0x20, 0x20, 0x20, 0x2C, 0x2C, 0x32, 0x32, 0x22, 0x22, 0x22, 0x22, 0x00, 0x00
             2C 32 32 22 22 22 22
             00 00
    00000690 00 00 08 08 00 00 08   107     .db 0x00, 0x00, 0x08, 0x08, 0x00, 0x00, 0x08, 0x08, 0x08, 0x08, 0x08, 0x08, 0x08, 0x08, 0x00, 0x00
             08 08 08 08 08 08 08
             00 00
    000006A0 00 00 04 04 00 00 04   108     .db 0x00, 0x00, 0x04, 0x04, 0x00, 0x00, 0x04, 0x04, 0x04, 0x04, 0x24, 0x24, 0x18, 0x18, 0x00, 0x00
             04 04 04 24 24 18 18
             00 00
    000006B0 00 00 20 20 22 22 24   109     .db 0x00, 0x00, 0x20, 0x20, 0x22, 0x22, 0x24, 0x24, 0x28, 0x28, 0x34, 0x34, 0x22, 0x22, 0x00, 0x00
             24 28 28 34 34 22 22
             00 00
    000006C0 00 00 10 10 08 08 08   110     .db 0x00, 0x00, 0x10, 0x10, 0x08, 0x08, 0x08, 0x08, 0x08, 0x08, 0x08, 0x08, 0x0C, 0x0C, 0x00, 0x00
             08 08 08 08 08 0C 0C
             00 00
    000006D0 00 00 00 00 34 34 2A   111     .db 0x00, 0x00, 0x00, 0x00, 0x34, 0x34, 0x2A, 0x2A, 0x2A, 0x2A, 0x2A, 0x2A, 0x2A, 0x2A, 0x00, 0x00
             2A 2A 2A 2A 2A 2A 2A
ASxxxx Assembler V02.00 + NoICE + SDCC mods  (GameBoy Z80-like CPU), page 7.
Hexadecimal [32-Bits]



             00 00
    000006E0 00 00 00 00 2C 2C 32   112     .db 0x00, 0x00, 0x00, 0x00, 0x2C, 0x2C, 0x32, 0x32, 0x22, 0x22, 0x22, 0x22, 0x22, 0x22, 0x00, 0x00
             32 22 22 22 22 22 22
             00 00
    000006F0 00 00 00 00 1C 1C 22   113     .db 0x00, 0x00, 0x00, 0x00, 0x1C, 0x1C, 0x22, 0x22, 0x22, 0x22, 0x22, 0x22, 0x1C, 0x1C, 0x00, 0x00
             22 22 22 22 22 1C 1C
             00 00
    00000700 00 00 00 00 3C 3C 22   114     .db 0x00, 0x00, 0x00, 0x00, 0x3C, 0x3C, 0x22, 0x22, 0x32, 0x32, 0x2C, 0x2C, 0x20, 0x20, 0x00, 0x00
             22 32 32 2C 2C 20 20
             00 00
    00000710 00 00 00 00 1E 1E 22   115     .db 0x00, 0x00, 0x00, 0x00, 0x1E, 0x1E, 0x22, 0x22, 0x26, 0x26, 0x1A, 0x1A, 0x02, 0x02, 0x00, 0x00
             22 26 26 1A 1A 02 02
             00 00
    00000720 00 00 00 00 20 20 2C   116     .db 0x00, 0x00, 0x00, 0x00, 0x20, 0x20, 0x2C, 0x2C, 0x32, 0x32, 0x20, 0x20, 0x20, 0x20, 0x00, 0x00
             2C 32 32 20 20 20 20
             00 00
    00000730 00 00 00 00 1E 1E 20   117     .db 0x00, 0x00, 0x00, 0x00, 0x1E, 0x1E, 0x20, 0x20, 0x1C, 0x1C, 0x02, 0x02, 0x3C, 0x3C, 0x00, 0x00
             20 1C 1C 02 02 3C 3C
             00 00
    00000740 00 00 08 08 3E 3E 08   118     .db 0x00, 0x00, 0x08, 0x08, 0x3E, 0x3E, 0x08, 0x08, 0x08, 0x08, 0x08, 0x08, 0x06, 0x06, 0x00, 0x00
             08 08 08 08 08 06 06
             00 00
    00000750 00 00 00 00 22 22 22   119     .db 0x00, 0x00, 0x00, 0x00, 0x22, 0x22, 0x22, 0x22, 0x22, 0x22, 0x26, 0x26, 0x1A, 0x1A, 0x00, 0x00
             22 22 22 26 26 1A 1A
             00 00
    00000760 00 00 00 00 22 22 14   120     .db 0x00, 0x00, 0x00, 0x00, 0x22, 0x22, 0x14, 0x14, 0x14, 0x14, 0x08, 0x08, 0x08, 0x08, 0x00, 0x00
             14 14 14 08 08 08 08
             00 00
    00000770 00 00 00 00 2A 2A 2A   121     .db 0x00, 0x00, 0x00, 0x00, 0x2A, 0x2A, 0x2A, 0x2A, 0x2A, 0x2A, 0x14, 0x14, 0x14, 0x14, 0x00, 0x00
             2A 2A 2A 14 14 14 14
             00 00
    00000780 00 00 00 00 22 22 14   122     .db 0x00, 0x00, 0x00, 0x00, 0x22, 0x22, 0x14, 0x14, 0x08, 0x08, 0x14, 0x14, 0x22, 0x22, 0x00, 0x00
             14 08 08 14 14 22 22
             00 00
    00000790 00 00 00 00 22 22 14   123     .db 0x00, 0x00, 0x00, 0x00, 0x22, 0x22, 0x14, 0x14, 0x08, 0x08, 0x10, 0x10, 0x20, 0x20, 0x00, 0x00
             14 08 08 10 10 20 20
             00 00
    000007A0 00 00 00 00 3E 3E 04   124     .db 0x00, 0x00, 0x00, 0x00, 0x3E, 0x3E, 0x04, 0x04, 0x08, 0x08, 0x10, 0x10, 0x3E, 0x3E, 0x00, 0x00
             04 08 08 10 10 3E 3E
             00 00
    000007B0 08 08 10 10 10 10 20   125     .db 0x08, 0x08, 0x10, 0x10, 0x10, 0x10, 0x20, 0x20, 0x10, 0x10, 0x10, 0x10, 0x08, 0x08, 0x00, 0x00
             20 10 10 10 10 08 08
             00 00
    000007C0 00 00 08 08 08 08 08   126     .db 0x00, 0x00, 0x08, 0x08, 0x08, 0x08, 0x08, 0x08, 0x08, 0x08, 0x08, 0x08, 0x08, 0x08, 0x00, 0x00
             08 08 08 08 08 08 08
             00 00
    000007D0 10 10 08 08 08 08 04   127     .db 0x10, 0x10, 0x08, 0x08, 0x08, 0x08, 0x04, 0x04, 0x08, 0x08, 0x08, 0x08, 0x10, 0x10, 0x00, 0x00
             04 08 08 08 08 10 10
             00 00
    000007E0 00 00 32 32 4C 4C 00   128     .db 0x00, 0x00, 0x32, 0x32, 0x4C, 0x4C, 0x00, 0x00, 0x00, 0x00, 0x00, 0x00, 0x00, 0x00, 0x00, 0x00
             00 00 00 00 00 00 00
             00 00
    000007F0 FF FF 81 81 81 81 81   129     .db 0xFF, 0xFF, 0x81, 0x81, 0x81, 0x81, 0x81, 0x81, 0x81, 0x81, 0x81, 0x81, 0x81, 0x81, 0xFF, 0xFF
             81 81 81 81 81 81 81
             FF FF
ASxxxx Assembler V02.00 + NoICE + SDCC mods  (GameBoy Z80-like CPU), page 8.
Hexadecimal [32-Bits]



    00000800 FF FF FF FF FF FF FF   130     .db 0xFF, 0xFF, 0xFF, 0xFF, 0xFF, 0xFF, 0xFF, 0xFF, 0xFF, 0xFF, 0xFF, 0xFF, 0xFF, 0xFF, 0xFF, 0xFF
             FF FF FF FF FF FF FF
             FF FF
    00000810 FF FF FF FF FF FF FF   131     .db 0xFF, 0xFF, 0xFF, 0xFF, 0xFF, 0xFF, 0xFF, 0xFF, 0xFF, 0xFF, 0xFF, 0xFF, 0xFF, 0xFF, 0xFF, 0xFF
             FF FF FF FF FF FF FF
             FF FF
    00000820 FF FF FF FF FF FF FF   132     .db 0xFF, 0xFF, 0xFF, 0xFF, 0xFF, 0xFF, 0xFF, 0xFF, 0xFF, 0xFF, 0xFF, 0xFF, 0xFF, 0xFF, 0xFF, 0xFF
             FF FF FF FF FF FF FF
             FF FF
    00000830 FF FF FF FF FF FF FF   133     .db 0xFF, 0xFF, 0xFF, 0xFF, 0xFF, 0xFF, 0xFF, 0xFF, 0xFF, 0xFF, 0xFF, 0xFF, 0xFF, 0xFF, 0xFF, 0xFF
             FF FF FF FF FF FF FF
             FF FF
    00000840 FF FF FF FF FF FF FF   134     .db 0xFF, 0xFF, 0xFF, 0xFF, 0xFF, 0xFF, 0xFF, 0xFF, 0xFF, 0xFF, 0xFF, 0xFF, 0xFF, 0xFF, 0xFF, 0xFF
             FF FF FF FF FF FF FF
             FF FF
    00000850 FF FF FF FF FF FF FF   135     .db 0xFF, 0xFF, 0xFF, 0xFF, 0xFF, 0xFF, 0xFF, 0xFF, 0xFF, 0xFF, 0xFF, 0xFF, 0xFF, 0xFF, 0xFF, 0xFF
             FF FF FF FF FF FF FF
             FF FF
    00000860 FF FF FF FF FF FF FF   136     .db 0xFF, 0xFF, 0xFF, 0xFF, 0xFF, 0xFF, 0xFF, 0xFF, 0xFF, 0xFF, 0xFF, 0xFF, 0xFF, 0xFF, 0xFF, 0xFF
             FF FF FF FF FF FF FF
             FF FF
    00000870 FF FF FF FF FF FF FF   137     .db 0xFF, 0xFF, 0xFF, 0xFF, 0xFF, 0xFF, 0xFF, 0xFF, 0xFF, 0xFF, 0xFF, 0xFF, 0xFF, 0xFF, 0xFF, 0xFF
             FF FF FF FF FF FF FF
             FF FF
    00000880 FF FF FF FF FF FF FF   138     .db 0xFF, 0xFF, 0xFF, 0xFF, 0xFF, 0xFF, 0xFF, 0xFF, 0xFF, 0xFF, 0xFF, 0xFF, 0xFF, 0xFF, 0xFF, 0xFF
             FF FF FF FF FF FF FF
             FF FF
    00000890 FF FF FF FF FF FF FF   139     .db 0xFF, 0xFF, 0xFF, 0xFF, 0xFF, 0xFF, 0xFF, 0xFF, 0xFF, 0xFF, 0xFF, 0xFF, 0xFF, 0xFF, 0xFF, 0xFF
             FF FF FF FF FF FF FF
             FF FF
    000008A0 FF FF FF FF FF FF FF   140     .db 0xFF, 0xFF, 0xFF, 0xFF, 0xFF, 0xFF, 0xFF, 0xFF, 0xFF, 0xFF, 0xFF, 0xFF, 0xFF, 0xFF, 0xFF, 0xFF
             FF FF FF FF FF FF FF
             FF FF
    000008B0 FF FF FF FF FF FF FF   141     .db 0xFF, 0xFF, 0xFF, 0xFF, 0xFF, 0xFF, 0xFF, 0xFF, 0xFF, 0xFF, 0xFF, 0xFF, 0xFF, 0xFF, 0xFF, 0xFF
             FF FF FF FF FF FF FF
             FF FF
    000008C0 FF FF FF FF FF FF FF   142     .db 0xFF, 0xFF, 0xFF, 0xFF, 0xFF, 0xFF, 0xFF, 0xFF, 0xFF, 0xFF, 0xFF, 0xFF, 0xFF, 0xFF, 0xFF, 0xFF
             FF FF FF FF FF FF FF
             FF FF
    000008D0 FF FF FF FF FF FF FF   143     .db 0xFF, 0xFF, 0xFF, 0xFF, 0xFF, 0xFF, 0xFF, 0xFF, 0xFF, 0xFF, 0xFF, 0xFF, 0xFF, 0xFF, 0xFF, 0xFF
             FF FF FF FF FF FF FF
             FF FF
    000008E0 FF FF FF FF FF FF FF   144     .db 0xFF, 0xFF, 0xFF, 0xFF, 0xFF, 0xFF, 0xFF, 0xFF, 0xFF, 0xFF, 0xFF, 0xFF, 0xFF, 0xFF, 0xFF, 0xFF
             FF FF FF FF FF FF FF
             FF FF
    000008F0 FF FF FF FF FF FF FF   145     .db 0xFF, 0xFF, 0xFF, 0xFF, 0xFF, 0xFF, 0xFF, 0xFF, 0xFF, 0xFF, 0xFF, 0xFF, 0xFF, 0xFF, 0xFF, 0xFF
             FF FF FF FF FF FF FF
             FF FF
    00000900 FF FF FF FF FF FF FF   146     .db 0xFF, 0xFF, 0xFF, 0xFF, 0xFF, 0xFF, 0xFF, 0xFF, 0xFF, 0xFF, 0xFF, 0xFF, 0xFF, 0xFF, 0xFF, 0xFF
             FF FF FF FF FF FF FF
             FF FF
    00000910 FF FF FF FF FF FF FF   147     .db 0xFF, 0xFF, 0xFF, 0xFF, 0xFF, 0xFF, 0xFF, 0xFF, 0xFF, 0xFF, 0xFF, 0xFF, 0xFF, 0xFF, 0xFF, 0xFF
             FF FF FF FF FF FF FF
             FF FF
    00000920 FF FF FF FF FF FF FF   148     .db 0xFF, 0xFF, 0xFF, 0xFF, 0xFF, 0xFF, 0xFF, 0xFF, 0xFF, 0xFF, 0xFF, 0xFF, 0xFF, 0xFF, 0xFF, 0xFF
ASxxxx Assembler V02.00 + NoICE + SDCC mods  (GameBoy Z80-like CPU), page 9.
Hexadecimal [32-Bits]



             FF FF FF FF FF FF FF
             FF FF
    00000930 FF FF FF FF FF FF FF   149     .db 0xFF, 0xFF, 0xFF, 0xFF, 0xFF, 0xFF, 0xFF, 0xFF, 0xFF, 0xFF, 0xFF, 0xFF, 0xFF, 0xFF, 0xFF, 0xFF
             FF FF FF FF FF FF FF
             FF FF
    00000940 FF FF FF FF FF FF FF   150     .db 0xFF, 0xFF, 0xFF, 0xFF, 0xFF, 0xFF, 0xFF, 0xFF, 0xFF, 0xFF, 0xFF, 0xFF, 0xFF, 0xFF, 0xFF, 0xFF
             FF FF FF FF FF FF FF
             FF FF
    00000950 FF FF FF FF FF FF FF   151     .db 0xFF, 0xFF, 0xFF, 0xFF, 0xFF, 0xFF, 0xFF, 0xFF, 0xFF, 0xFF, 0xFF, 0xFF, 0xFF, 0xFF, 0xFF, 0xFF
             FF FF FF FF FF FF FF
             FF FF
    00000960 FF FF FF FF FF FF FF   152     .db 0xFF, 0xFF, 0xFF, 0xFF, 0xFF, 0xFF, 0xFF, 0xFF, 0xFF, 0xFF, 0xFF, 0xFF, 0xFF, 0xFF, 0xFF, 0xFF
             FF FF FF FF FF FF FF
             FF FF
    00000970 FF FF FF FF FF FF FF   153     .db 0xFF, 0xFF, 0xFF, 0xFF, 0xFF, 0xFF, 0xFF, 0xFF, 0xFF, 0xFF, 0xFF, 0xFF, 0xFF, 0xFF, 0xFF, 0xFF
             FF FF FF FF FF FF FF
             FF FF
    00000980 FF FF FF FF FF FF FF   154     .db 0xFF, 0xFF, 0xFF, 0xFF, 0xFF, 0xFF, 0xFF, 0xFF, 0xFF, 0xFF, 0xFF, 0xFF, 0xFF, 0xFF, 0xFF, 0xFF
             FF FF FF FF FF FF FF
             FF FF
    00000990 FF FF FF FF FF FF FF   155     .db 0xFF, 0xFF, 0xFF, 0xFF, 0xFF, 0xFF, 0xFF, 0xFF, 0xFF, 0xFF, 0xFF, 0xFF, 0xFF, 0xFF, 0xFF, 0xFF
             FF FF FF FF FF FF FF
             FF FF
    000009A0 FF FF FF FF FF FF FF   156     .db 0xFF, 0xFF, 0xFF, 0xFF, 0xFF, 0xFF, 0xFF, 0xFF, 0xFF, 0xFF, 0xFF, 0xFF, 0xFF, 0xFF, 0xFF, 0xFF
             FF FF FF FF FF FF FF
             FF FF
    000009B0 FF FF FF FF FF FF FF   157     .db 0xFF, 0xFF, 0xFF, 0xFF, 0xFF, 0xFF, 0xFF, 0xFF, 0xFF, 0xFF, 0xFF, 0xFF, 0xFF, 0xFF, 0xFF, 0xFF
             FF FF FF FF FF FF FF
             FF FF
    000009C0 FF FF FF FF FF FF FF   158     .db 0xFF, 0xFF, 0xFF, 0xFF, 0xFF, 0xFF, 0xFF, 0xFF, 0xFF, 0xFF, 0xFF, 0xFF, 0xFF, 0xFF, 0xFF, 0xFF
             FF FF FF FF FF FF FF
             FF FF
    000009D0 FF FF FF FF FF FF FF   159     .db 0xFF, 0xFF, 0xFF, 0xFF, 0xFF, 0xFF, 0xFF, 0xFF, 0xFF, 0xFF, 0xFF, 0xFF, 0xFF, 0xFF, 0xFF, 0xFF
             FF FF FF FF FF FF FF
             FF FF
    000009E0 FF FF FF FF FF FF FF   160     .db 0xFF, 0xFF, 0xFF, 0xFF, 0xFF, 0xFF, 0xFF, 0xFF, 0xFF, 0xFF, 0xFF, 0xFF, 0xFF, 0xFF, 0xFF, 0xFF
             FF FF FF FF FF FF FF
             FF FF
    000009F0 FF FF FF FF FF FF FF   161     .db 0xFF, 0xFF, 0xFF, 0xFF, 0xFF, 0xFF, 0xFF, 0xFF, 0xFF, 0xFF, 0xFF, 0xFF, 0xFF, 0xFF, 0xFF, 0xFF
             FF FF FF FF FF FF FF
             FF FF
    00000A00 FF FF FF FF FF FF FF   162     .db 0xFF, 0xFF, 0xFF, 0xFF, 0xFF, 0xFF, 0xFF, 0xFF, 0xFF, 0xFF, 0xFF, 0xFF, 0xFF, 0xFF, 0xFF, 0xFF
             FF FF FF FF FF FF FF
             FF FF
    00000A10 FF FF F7 F7 F7 F7 F7   163     .db 0xFF, 0xFF, 0xF7, 0xF7, 0xF7, 0xF7, 0xF7, 0xF7, 0xF7, 0xF7, 0xFF, 0xFF, 0xF7, 0xF7, 0xFF, 0xFF
             F7 F7 F7 FF FF F7 F7
             FF FF
    00000A20 FF FF C9 C9 ED ED ED   164     .db 0xFF, 0xFF, 0xC9, 0xC9, 0xED, 0xED, 0xED, 0xED, 0xFF, 0xFF, 0xFF, 0xFF, 0xFF, 0xFF, 0xFF, 0xFF
             ED FF FF FF FF FF FF
             FF FF
    00000A30 FF FF DB DB 81 81 DB   165     .db 0xFF, 0xFF, 0xDB, 0xDB, 0x81, 0x81, 0xDB, 0xDB, 0xDB, 0xDB, 0x81, 0x81, 0xDB, 0xDB, 0xFF, 0xFF
             DB DB DB 81 81 DB DB
             FF FF
    00000A40 F7 F7 E1 E1 D7 D7 E3   166     .db 0xF7, 0xF7, 0xE1, 0xE1, 0xD7, 0xD7, 0xE3, 0xE3, 0xF5, 0xF5, 0xC3, 0xC3, 0xF7, 0xF7, 0xFF, 0xFF
             E3 F5 F5 C3 C3 F7 F7
ASxxxx Assembler V02.00 + NoICE + SDCC mods  (GameBoy Z80-like CPU), page 10.
Hexadecimal [32-Bits]



             FF FF
    00000A50 FF FF DD DD AB AB D7   167     .db 0xFF, 0xFF, 0xDD, 0xDD, 0xAB, 0xAB, 0xD7, 0xD7, 0xEB, 0xEB, 0xD5, 0xD5, 0xBB, 0xBB, 0xFF, 0xFF
             D7 EB EB D5 D5 BB BB
             FF FF
    00000A60 FF FF E7 E7 DB DB CF   168     .db 0xFF, 0xFF, 0xE7, 0xE7, 0xDB, 0xDB, 0xCF, 0xCF, 0xBB, 0xBB, 0xB9, 0xB9, 0xC7, 0xC7, 0xFF, 0xFF
             CF BB BB B9 B9 C7 C7
             FF FF
    00000A70 FF FF E7 E7 F7 F7 F7   169     .db 0xFF, 0xFF, 0xE7, 0xE7, 0xF7, 0xF7, 0xF7, 0xF7, 0xFF, 0xFF, 0xFF, 0xFF, 0xFF, 0xFF, 0xFF, 0xFF
             F7 FF FF FF FF FF FF
             FF FF
    00000A80 FF FF F7 F7 EF EF EF   170     .db 0xFF, 0xFF, 0xF7, 0xF7, 0xEF, 0xEF, 0xEF, 0xEF, 0xEF, 0xEF, 0xEF, 0xEF, 0xF7, 0xF7, 0xFF, 0xFF
             EF EF EF EF EF F7 F7
             FF FF
    00000A90 FF FF EF EF F7 F7 F7   171     .db 0xFF, 0xFF, 0xEF, 0xEF, 0xF7, 0xF7, 0xF7, 0xF7, 0xF7, 0xF7, 0xF7, 0xF7, 0xEF, 0xEF, 0xFF, 0xFF
             F7 F7 F7 F7 F7 EF EF
             FF FF
    00000AA0 FF FF DD DD EB EB F7   172     .db 0xFF, 0xFF, 0xDD, 0xDD, 0xEB, 0xEB, 0xF7, 0xF7, 0xEB, 0xEB, 0xDD, 0xDD, 0xFF, 0xFF, 0xFF, 0xFF
             F7 EB EB DD DD FF FF
             FF FF
    00000AB0 FF FF F7 F7 F7 F7 C1   173     .db 0xFF, 0xFF, 0xF7, 0xF7, 0xF7, 0xF7, 0xC1, 0xC1, 0xF7, 0xF7, 0xF7, 0xF7, 0xFF, 0xFF, 0xFF, 0xFF
             C1 F7 F7 F7 F7 FF FF
             FF FF
    00000AC0 FF FF FF FF FF FF FF   174     .db 0xFF, 0xFF, 0xFF, 0xFF, 0xFF, 0xFF, 0xFF, 0xFF, 0xE7, 0xE7, 0xF7, 0xF7, 0xF7, 0xF7, 0xFF, 0xFF
             FF E7 E7 F7 F7 F7 F7
             FF FF
    00000AD0 FF FF FF FF FF FF C1   175     .db 0xFF, 0xFF, 0xFF, 0xFF, 0xFF, 0xFF, 0xC1, 0xC1, 0xFF, 0xFF, 0xFF, 0xFF, 0xFF, 0xFF, 0xFF, 0xFF
             C1 FF FF FF FF FF FF
             FF FF
    00000AE0 FF FF FF FF FF FF FF   176     .db 0xFF, 0xFF, 0xFF, 0xFF, 0xFF, 0xFF, 0xFF, 0xFF, 0xFF, 0xFF, 0xF7, 0xF7, 0xFF, 0xFF, 0xFF, 0xFF
             FF FF FF F7 F7 FF FF
             FF FF
    00000AF0 FF FF FD FD FB FB F7   177     .db 0xFF, 0xFF, 0xFD, 0xFD, 0xFB, 0xFB, 0xF7, 0xF7, 0xEF, 0xEF, 0xDF, 0xDF, 0xBF, 0xBF, 0xFF, 0xFF
             F7 EF EF DF DF BF BF
             FF FF
    00000B00 FF FF C3 C3 B9 B9 B9   178     .db 0xFF, 0xFF, 0xC3, 0xC3, 0xB9, 0xB9, 0xB9, 0xB9, 0xB9, 0xB9, 0xB9, 0xB9, 0xC3, 0xC3, 0xFF, 0xFF
             B9 B9 B9 B9 B9 C3 C3
             FF FF
    00000B10 FF FF C7 C7 E7 E7 E7   179     .db 0xFF, 0xFF, 0xC7, 0xC7, 0xE7, 0xE7, 0xE7, 0xE7, 0xE7, 0xE7, 0xE7, 0xE7, 0xE7, 0xE7, 0xFF, 0xFF
             E7 E7 E7 E7 E7 E7 E7
             FF FF
    00000B20 FF FF 83 83 F9 F9 C3   180     .db 0xFF, 0xFF, 0x83, 0x83, 0xF9, 0xF9, 0xC3, 0xC3, 0x9F, 0x9F, 0x9F, 0x9F, 0x81, 0x81, 0xFF, 0xFF
             C3 9F 9F 9F 9F 81 81
             FF FF
    00000B30 FF FF 87 87 F3 F3 83   181     .db 0xFF, 0xFF, 0x87, 0x87, 0xF3, 0xF3, 0x83, 0x83, 0xF9, 0xF9, 0xF9, 0xF9, 0x83, 0x83, 0xFF, 0xFF
             83 F9 F9 F9 F9 83 83
             FF FF
    00000B40 FF FF B3 B3 B3 B3 B3   182     .db 0xFF, 0xFF, 0xB3, 0xB3, 0xB3, 0xB3, 0xB3, 0xB3, 0xB3, 0xB3, 0x81, 0x81, 0xF3, 0xF3, 0xFF, 0xFF
             B3 B3 B3 81 81 F3 F3
             FF FF
    00000B50 FF FF 83 83 BF BF 83   183     .db 0xFF, 0xFF, 0x83, 0x83, 0xBF, 0xBF, 0x83, 0x83, 0xF9, 0xF9, 0xF9, 0xF9, 0x83, 0x83, 0xFF, 0xFF
             83 F9 F9 F9 F9 83 83
             FF FF
    00000B60 FF FF C3 C3 BF BF 83   184     .db 0xFF, 0xFF, 0xC3, 0xC3, 0xBF, 0xBF, 0x83, 0x83, 0xB9, 0xB9, 0xB9, 0xB9, 0xC3, 0xC3, 0xFF, 0xFF
             83 B9 B9 B9 B9 C3 C3
             FF FF
ASxxxx Assembler V02.00 + NoICE + SDCC mods  (GameBoy Z80-like CPU), page 11.
Hexadecimal [32-Bits]



    00000B70 FF FF 81 81 F9 F9 F9   185     .db 0xFF, 0xFF, 0x81, 0x81, 0xF9, 0xF9, 0xF9, 0xF9, 0xF9, 0xF9, 0xF9, 0xF9, 0xF9, 0xF9, 0xFF, 0xFF
             F9 F9 F9 F9 F9 F9 F9
             FF FF
    00000B80 FF FF C3 C3 B9 B9 C3   186     .db 0xFF, 0xFF, 0xC3, 0xC3, 0xB9, 0xB9, 0xC3, 0xC3, 0xB9, 0xB9, 0xB9, 0xB9, 0xC3, 0xC3, 0xFF, 0xFF
             C3 B9 B9 B9 B9 C3 C3
             FF FF
    00000B90 FF FF C3 C3 B9 B9 B9   187     .db 0xFF, 0xFF, 0xC3, 0xC3, 0xB9, 0xB9, 0xB9, 0xB9, 0xC1, 0xC1, 0xF9, 0xF9, 0xC3, 0xC3, 0xFF, 0xFF
             B9 C1 C1 F9 F9 C3 C3
             FF FF
    00000BA0 FF FF E7 E7 E7 E7 FF   188     .db 0xFF, 0xFF, 0xE7, 0xE7, 0xE7, 0xE7, 0xFF, 0xFF, 0xFF, 0xFF, 0xE7, 0xE7, 0xE7, 0xE7, 0xFF, 0xFF
             FF FF FF E7 E7 E7 E7
             FF FF
    00000BB0 FF FF E7 E7 E7 E7 FF   189     .db 0xFF, 0xFF, 0xE7, 0xE7, 0xE7, 0xE7, 0xFF, 0xFF, 0xE7, 0xE7, 0xF7, 0xF7, 0xF7, 0xF7, 0xFF, 0xFF
             FF E7 E7 F7 F7 F7 F7
             FF FF
    00000BC0 FF FF FF FF FB FB F7   190     .db 0xFF, 0xFF, 0xFF, 0xFF, 0xFB, 0xFB, 0xF7, 0xF7, 0xEF, 0xEF, 0xF7, 0xF7, 0xFB, 0xFB, 0xFF, 0xFF
             F7 EF EF F7 F7 FB FB
             FF FF
    00000BD0 FF FF FF FF C1 C1 FF   191     .db 0xFF, 0xFF, 0xFF, 0xFF, 0xC1, 0xC1, 0xFF, 0xFF, 0xC1, 0xC1, 0xFF, 0xFF, 0xFF, 0xFF, 0xFF, 0xFF
             FF C1 C1 FF FF FF FF
             FF FF
    00000BE0 FF FF FF FF DF DF EF   192     .db 0xFF, 0xFF, 0xFF, 0xFF, 0xDF, 0xDF, 0xEF, 0xEF, 0xF7, 0xF7, 0xEF, 0xEF, 0xDF, 0xDF, 0xFF, 0xFF
             EF F7 F7 EF EF DF DF
             FF FF
    00000BF0 FF FF E3 E3 DD DD DD   193     .db 0xFF, 0xFF, 0xE3, 0xE3, 0xDD, 0xDD, 0xDD, 0xDD, 0xF3, 0xF3, 0xFF, 0xFF, 0xF7, 0xF7, 0xFF, 0xFF
             DD F3 F3 FF FF F7 F7
             FF FF
    00000C00 C3 C3 BD BD 66 66 5A   194     .db 0xC3, 0xC3, 0xBD, 0xBD, 0x66, 0x66, 0x5A, 0x5A, 0x61, 0x61, 0xBF, 0xBF, 0xC0, 0xC0, 0xFF, 0xFF
             5A 61 61 BF BF C0 C0
             FF FF
    00000C10 FF FF C3 C3 BD BD BD   195     .db 0xFF, 0xFF, 0xC3, 0xC3, 0xBD, 0xBD, 0xBD, 0xBD, 0x81, 0x81, 0xBD, 0xBD, 0xBD, 0xBD, 0xFF, 0xFF
             BD 81 81 BD BD BD BD
             FF FF
    00000C20 FF FF 83 83 BD BD 83   196     .db 0xFF, 0xFF, 0x83, 0x83, 0xBD, 0xBD, 0x83, 0x83, 0xBD, 0xBD, 0xBD, 0xBD, 0x83, 0x83, 0xFF, 0xFF
             83 BD BD BD BD 83 83
             FF FF
    00000C30 FF FF C1 C1 BF BF BF   197     .db 0xFF, 0xFF, 0xC1, 0xC1, 0xBF, 0xBF, 0xBF, 0xBF, 0xBF, 0xBF, 0xBF, 0xBF, 0xC1, 0xC1, 0xFF, 0xFF
             BF BF BF BF BF C1 C1
             FF FF
    00000C40 FF FF 83 83 BD BD BD   198     .db 0xFF, 0xFF, 0x83, 0x83, 0xBD, 0xBD, 0xBD, 0xBD, 0xBD, 0xBD, 0xBD, 0xBD, 0x83, 0x83, 0xFF, 0xFF
             BD BD BD BD BD 83 83
             FF FF
    00000C50 FF FF 81 81 BF BF 81   199     .db 0xFF, 0xFF, 0x81, 0x81, 0xBF, 0xBF, 0x81, 0x81, 0xBF, 0xBF, 0xBF, 0xBF, 0x81, 0x81, 0xFF, 0xFF
             81 BF BF BF BF 81 81
             FF FF
    00000C60 FF FF 81 81 BF BF 81   200     .db 0xFF, 0xFF, 0x81, 0x81, 0xBF, 0xBF, 0x81, 0x81, 0xBF, 0xBF, 0xBF, 0xBF, 0xBF, 0xBF, 0xFF, 0xFF
             81 BF BF BF BF BF BF
             FF FF
    00000C70 FF FF C1 C1 BF BF B1   201     .db 0xFF, 0xFF, 0xC1, 0xC1, 0xBF, 0xBF, 0xB1, 0xB1, 0xBD, 0xBD, 0xBD, 0xBD, 0xC1, 0xC1, 0xFF, 0xFF
             B1 BD BD BD BD C1 C1
             FF FF
    00000C80 FF FF BD BD BD BD 81   202     .db 0xFF, 0xFF, 0xBD, 0xBD, 0xBD, 0xBD, 0x81, 0x81, 0xBD, 0xBD, 0xBD, 0xBD, 0xBD, 0xBD, 0xFF, 0xFF
             81 BD BD BD BD BD BD
             FF FF
    00000C90 FF FF E3 E3 F7 F7 F7   203     .db 0xFF, 0xFF, 0xE3, 0xE3, 0xF7, 0xF7, 0xF7, 0xF7, 0xF7, 0xF7, 0xF7, 0xF7, 0xE3, 0xE3, 0xFF, 0xFF
ASxxxx Assembler V02.00 + NoICE + SDCC mods  (GameBoy Z80-like CPU), page 12.
Hexadecimal [32-Bits]



             F7 F7 F7 F7 F7 E3 E3
             FF FF
    00000CA0 FF FF F1 F1 FB FB FB   204     .db 0xFF, 0xFF, 0xF1, 0xF1, 0xFB, 0xFB, 0xFB, 0xFB, 0xBB, 0xBB, 0xBB, 0xBB, 0xC7, 0xC7, 0xFF, 0xFF
             FB BB BB BB BB C7 C7
             FF FF
    00000CB0 FF FF BD BD BB BB B7   205     .db 0xFF, 0xFF, 0xBD, 0xBD, 0xBB, 0xBB, 0xB7, 0xB7, 0xA7, 0xA7, 0x9B, 0x9B, 0xBD, 0xBD, 0xFF, 0xFF
             B7 A7 A7 9B 9B BD BD
             FF FF
    00000CC0 FF FF BF BF BF BF BF   206     .db 0xFF, 0xFF, 0xBF, 0xBF, 0xBF, 0xBF, 0xBF, 0xBF, 0xBF, 0xBF, 0xBF, 0xBF, 0x81, 0x81, 0xFF, 0xFF
             BF BF BF BF BF 81 81
             FF FF
    00000CD0 FF FF BD BD 99 99 A5   207     .db 0xFF, 0xFF, 0xBD, 0xBD, 0x99, 0x99, 0xA5, 0xA5, 0xBD, 0xBD, 0xBD, 0xBD, 0xBD, 0xBD, 0xFF, 0xFF
             A5 BD BD BD BD BD BD
             FF FF
    00000CE0 FF FF BD BD 9D 9D AD   208     .db 0xFF, 0xFF, 0xBD, 0xBD, 0x9D, 0x9D, 0xAD, 0xAD, 0xB5, 0xB5, 0xB9, 0xB9, 0xBD, 0xBD, 0xFF, 0xFF
             AD B5 B5 B9 B9 BD BD
             FF FF
    00000CF0 FF FF C3 C3 BD BD BD   209     .db 0xFF, 0xFF, 0xC3, 0xC3, 0xBD, 0xBD, 0xBD, 0xBD, 0xBD, 0xBD, 0xBD, 0xBD, 0xC3, 0xC3, 0xFF, 0xFF
             BD BD BD BD BD C3 C3
             FF FF
    00000D00 FF FF 83 83 BD BD BD   210     .db 0xFF, 0xFF, 0x83, 0x83, 0xBD, 0xBD, 0xBD, 0xBD, 0x83, 0x83, 0xBF, 0xBF, 0xBF, 0xBF, 0xFF, 0xFF
             BD 83 83 BF BF BF BF
             FF FF
    00000D10 FF FF C3 C3 BD BD BD   211     .db 0xFF, 0xFF, 0xC3, 0xC3, 0xBD, 0xBD, 0xBD, 0xBD, 0xB5, 0xB5, 0xBB, 0xBB, 0xC5, 0xC5, 0xFF, 0xFF
             BD B5 B5 BB BB C5 C5
             FF FF
    00000D20 FF FF 83 83 BD BD BD   212     .db 0xFF, 0xFF, 0x83, 0x83, 0xBD, 0xBD, 0xBD, 0xBD, 0x83, 0x83, 0xBB, 0xBB, 0xBD, 0xBD, 0xFF, 0xFF
             BD 83 83 BB BB BD BD
             FF FF
    00000D30 FF FF C1 C1 BF BF C3   213     .db 0xFF, 0xFF, 0xC1, 0xC1, 0xBF, 0xBF, 0xC3, 0xC3, 0xFD, 0xFD, 0xFD, 0xFD, 0x83, 0x83, 0xFF, 0xFF
             C3 FD FD FD FD 83 83
             FF FF
    00000D40 FF FF C1 C1 F7 F7 F7   214     .db 0xFF, 0xFF, 0xC1, 0xC1, 0xF7, 0xF7, 0xF7, 0xF7, 0xF7, 0xF7, 0xF7, 0xF7, 0xF7, 0xF7, 0xFF, 0xFF
             F7 F7 F7 F7 F7 F7 F7
             FF FF
    00000D50 FF FF BD BD BD BD BD   215     .db 0xFF, 0xFF, 0xBD, 0xBD, 0xBD, 0xBD, 0xBD, 0xBD, 0xBD, 0xBD, 0xBD, 0xBD, 0xC3, 0xC3, 0xFF, 0xFF
             BD BD BD BD BD C3 C3
             FF FF
    00000D60 FF FF BD BD BD BD BD   216     .db 0xFF, 0xFF, 0xBD, 0xBD, 0xBD, 0xBD, 0xBD, 0xBD, 0xDB, 0xDB, 0xDB, 0xDB, 0xE7, 0xE7, 0xFF, 0xFF
             BD DB DB DB DB E7 E7
             FF FF
    00000D70 FF FF BD BD BD BD BD   217     .db 0xFF, 0xFF, 0xBD, 0xBD, 0xBD, 0xBD, 0xBD, 0xBD, 0xA5, 0xA5, 0x99, 0x99, 0xBD, 0xBD, 0xFF, 0xFF
             BD A5 A5 99 99 BD BD
             FF FF
    00000D80 FF FF BD BD DB DB E7   218     .db 0xFF, 0xFF, 0xBD, 0xBD, 0xDB, 0xDB, 0xE7, 0xE7, 0xE7, 0xE7, 0xDB, 0xDB, 0xBD, 0xBD, 0xFF, 0xFF
             E7 E7 E7 DB DB BD BD
             FF FF
    00000D90 FF FF DD DD EB EB F7   219     .db 0xFF, 0xFF, 0xDD, 0xDD, 0xEB, 0xEB, 0xF7, 0xF7, 0xF7, 0xF7, 0xF7, 0xF7, 0xF7, 0xF7, 0xFF, 0xFF
             F7 F7 F7 F7 F7 F7 F7
             FF FF
    00000DA0 FF FF 81 81 FB FB F7   220     .db 0xFF, 0xFF, 0x81, 0x81, 0xFB, 0xFB, 0xF7, 0xF7, 0xEF, 0xEF, 0xDF, 0xDF, 0x81, 0x81, 0xFF, 0xFF
             F7 EF EF DF DF 81 81
             FF FF
    00000DB0 FF FF E7 E7 EF EF EF   221     .db 0xFF, 0xFF, 0xE7, 0xE7, 0xEF, 0xEF, 0xEF, 0xEF, 0xEF, 0xEF, 0xEF, 0xEF, 0xE7, 0xE7, 0xFF, 0xFF
             EF EF EF EF EF E7 E7
ASxxxx Assembler V02.00 + NoICE + SDCC mods  (GameBoy Z80-like CPU), page 13.
Hexadecimal [32-Bits]



             FF FF
    00000DC0 FF FF BF BF DF DF EF   222     .db 0xFF, 0xFF, 0xBF, 0xBF, 0xDF, 0xDF, 0xEF, 0xEF, 0xF7, 0xF7, 0xFB, 0xFB, 0xFD, 0xFD, 0xFF, 0xFF
             EF F7 F7 FB FB FD FD
             FF FF
    00000DD0 FF FF E7 E7 F7 F7 F7   223     .db 0xFF, 0xFF, 0xE7, 0xE7, 0xF7, 0xF7, 0xF7, 0xF7, 0xF7, 0xF7, 0xF7, 0xF7, 0xE7, 0xE7, 0xFF, 0xFF
             F7 F7 F7 F7 F7 E7 E7
             FF FF
    00000DE0 FF FF F7 F7 EB EB DD   224     .db 0xFF, 0xFF, 0xF7, 0xF7, 0xEB, 0xEB, 0xDD, 0xDD, 0xFF, 0xFF, 0xFF, 0xFF, 0xFF, 0xFF, 0xFF, 0xFF
             DD FF FF FF FF FF FF
             FF FF
    00000DF0 FF FF FF FF FF FF FF   225     .db 0xFF, 0xFF, 0xFF, 0xFF, 0xFF, 0xFF, 0xFF, 0xFF, 0xFF, 0xFF, 0xFF, 0xFF, 0x00, 0x00, 0xFF, 0xFF
             FF FF FF FF FF 00 00
             FF FF
    00000E00 FF FF E7 E7 EF EF EF   226     .db 0xFF, 0xFF, 0xE7, 0xE7, 0xEF, 0xEF, 0xEF, 0xEF, 0xFF, 0xFF, 0xFF, 0xFF, 0xFF, 0xFF, 0xFF, 0xFF
             EF FF FF FF FF FF FF
             FF FF
    00000E10 FF FF FF FF E3 E3 FD   227     .db 0xFF, 0xFF, 0xFF, 0xFF, 0xE3, 0xE3, 0xFD, 0xFD, 0xE1, 0xE1, 0xDD, 0xDD, 0xE1, 0xE1, 0xFF, 0xFF
             FD E1 E1 DD DD E1 E1
             FF FF
    00000E20 FF FF DF DF DF DF D3   228     .db 0xFF, 0xFF, 0xDF, 0xDF, 0xDF, 0xDF, 0xD3, 0xD3, 0xCD, 0xCD, 0xDD, 0xDD, 0xC3, 0xC3, 0xFF, 0xFF
             D3 CD CD DD DD C3 C3
             FF FF
    00000E30 FF FF FF FF E1 E1 DF   229     .db 0xFF, 0xFF, 0xFF, 0xFF, 0xE1, 0xE1, 0xDF, 0xDF, 0xDF, 0xDF, 0xDF, 0xDF, 0xE1, 0xE1, 0xFF, 0xFF
             DF DF DF DF DF E1 E1
             FF FF
    00000E40 FF FF FD FD FD FD E5   230     .db 0xFF, 0xFF, 0xFD, 0xFD, 0xFD, 0xFD, 0xE5, 0xE5, 0xD9, 0xD9, 0xDD, 0xDD, 0xE1, 0xE1, 0xFF, 0xFF
             E5 D9 D9 DD DD E1 E1
             FF FF
    00000E50 FF FF FF FF E3 E3 DD   231     .db 0xFF, 0xFF, 0xFF, 0xFF, 0xE3, 0xE3, 0xDD, 0xDD, 0xC3, 0xC3, 0xDF, 0xDF, 0xE1, 0xE1, 0xFF, 0xFF
             DD C3 C3 DF DF E1 E1
             FF FF
    00000E60 FF FF F3 F3 EF EF C3   232     .db 0xFF, 0xFF, 0xF3, 0xF3, 0xEF, 0xEF, 0xC3, 0xC3, 0xEF, 0xEF, 0xEF, 0xEF, 0xEF, 0xEF, 0xFF, 0xFF
             C3 EF EF EF EF EF EF
             FF FF
    00000E70 FF FF FF FF E1 E1 DD   233     .db 0xFF, 0xFF, 0xFF, 0xFF, 0xE1, 0xE1, 0xDD, 0xDD, 0xE1, 0xE1, 0xFD, 0xFD, 0xC3, 0xC3, 0xFF, 0xFF
             DD E1 E1 FD FD C3 C3
             FF FF
    00000E80 FF FF DF DF DF DF D3   234     .db 0xFF, 0xFF, 0xDF, 0xDF, 0xDF, 0xDF, 0xD3, 0xD3, 0xCD, 0xCD, 0xDD, 0xDD, 0xDD, 0xDD, 0xFF, 0xFF
             D3 CD CD DD DD DD DD
             FF FF
    00000E90 FF FF F7 F7 FF FF F7   235     .db 0xFF, 0xFF, 0xF7, 0xF7, 0xFF, 0xFF, 0xF7, 0xF7, 0xF7, 0xF7, 0xF7, 0xF7, 0xF7, 0xF7, 0xFF, 0xFF
             F7 F7 F7 F7 F7 F7 F7
             FF FF
    00000EA0 FF FF FB FB FF FF FB   236     .db 0xFF, 0xFF, 0xFB, 0xFB, 0xFF, 0xFF, 0xFB, 0xFB, 0xFB, 0xFB, 0xDB, 0xDB, 0xE7, 0xE7, 0xFF, 0xFF
             FB FB FB DB DB E7 E7
             FF FF
    00000EB0 FF FF DF DF DD DD DB   237     .db 0xFF, 0xFF, 0xDF, 0xDF, 0xDD, 0xDD, 0xDB, 0xDB, 0xD7, 0xD7, 0xCB, 0xCB, 0xDD, 0xDD, 0xFF, 0xFF
             DB D7 D7 CB CB DD DD
             FF FF
    00000EC0 FF FF EF EF F7 F7 F7   238     .db 0xFF, 0xFF, 0xEF, 0xEF, 0xF7, 0xF7, 0xF7, 0xF7, 0xF7, 0xF7, 0xF7, 0xF7, 0xF3, 0xF3, 0xFF, 0xFF
             F7 F7 F7 F7 F7 F3 F3
             FF FF
    00000ED0 FF FF FF FF CB CB D5   239     .db 0xFF, 0xFF, 0xFF, 0xFF, 0xCB, 0xCB, 0xD5, 0xD5, 0xD5, 0xD5, 0xD5, 0xD5, 0xD5, 0xD5, 0xFF, 0xFF
             D5 D5 D5 D5 D5 D5 D5
             FF FF
ASxxxx Assembler V02.00 + NoICE + SDCC mods  (GameBoy Z80-like CPU), page 14.
Hexadecimal [32-Bits]



    00000EE0 FF FF FF FF D3 D3 CD   240     .db 0xFF, 0xFF, 0xFF, 0xFF, 0xD3, 0xD3, 0xCD, 0xCD, 0xDD, 0xDD, 0xDD, 0xDD, 0xDD, 0xDD, 0xFF, 0xFF
             CD DD DD DD DD DD DD
             FF FF
    00000EF0 FF FF FF FF E3 E3 DD   241     .db 0xFF, 0xFF, 0xFF, 0xFF, 0xE3, 0xE3, 0xDD, 0xDD, 0xDD, 0xDD, 0xDD, 0xDD, 0xE3, 0xE3, 0xFF, 0xFF
             DD DD DD DD DD E3 E3
             FF FF
    00000F00 FF FF FF FF C3 C3 DD   242     .db 0xFF, 0xFF, 0xFF, 0xFF, 0xC3, 0xC3, 0xDD, 0xDD, 0xCD, 0xCD, 0xD3, 0xD3, 0xDF, 0xDF, 0xFF, 0xFF
             DD CD CD D3 D3 DF DF
             FF FF
    00000F10 FF FF FF FF E1 E1 DD   243     .db 0xFF, 0xFF, 0xFF, 0xFF, 0xE1, 0xE1, 0xDD, 0xDD, 0xD9, 0xD9, 0xE5, 0xE5, 0xFD, 0xFD, 0xFF, 0xFF
             DD D9 D9 E5 E5 FD FD
             FF FF
    00000F20 FF FF FF FF DF DF D3   244     .db 0xFF, 0xFF, 0xFF, 0xFF, 0xDF, 0xDF, 0xD3, 0xD3, 0xCD, 0xCD, 0xDF, 0xDF, 0xDF, 0xDF, 0xFF, 0xFF
             D3 CD CD DF DF DF DF
             FF FF
    00000F30 FF FF FF FF E1 E1 DF   245     .db 0xFF, 0xFF, 0xFF, 0xFF, 0xE1, 0xE1, 0xDF, 0xDF, 0xE3, 0xE3, 0xFD, 0xFD, 0xC3, 0xC3, 0xFF, 0xFF
             DF E3 E3 FD FD C3 C3
             FF FF
    00000F40 FF FF F7 F7 C1 C1 F7   246     .db 0xFF, 0xFF, 0xF7, 0xF7, 0xC1, 0xC1, 0xF7, 0xF7, 0xF7, 0xF7, 0xF7, 0xF7, 0xF9, 0xF9, 0xFF, 0xFF
             F7 F7 F7 F7 F7 F9 F9
             FF FF
    00000F50 FF FF FF FF DD DD DD   247     .db 0xFF, 0xFF, 0xFF, 0xFF, 0xDD, 0xDD, 0xDD, 0xDD, 0xDD, 0xDD, 0xD9, 0xD9, 0xE5, 0xE5, 0xFF, 0xFF
             DD DD DD D9 D9 E5 E5
             FF FF
    00000F60 FF FF FF FF DD DD EB   248     .db 0xFF, 0xFF, 0xFF, 0xFF, 0xDD, 0xDD, 0xEB, 0xEB, 0xEB, 0xEB, 0xF7, 0xF7, 0xF7, 0xF7, 0xFF, 0xFF
             EB EB EB F7 F7 F7 F7
             FF FF
    00000F70 FF FF FF FF D5 D5 D5   249     .db 0xFF, 0xFF, 0xFF, 0xFF, 0xD5, 0xD5, 0xD5, 0xD5, 0xD5, 0xD5, 0xEB, 0xEB, 0xEB, 0xEB, 0xFF, 0xFF
             D5 D5 D5 EB EB EB EB
             FF FF
    00000F80 FF FF FF FF DD DD EB   250     .db 0xFF, 0xFF, 0xFF, 0xFF, 0xDD, 0xDD, 0xEB, 0xEB, 0xF7, 0xF7, 0xEB, 0xEB, 0xDD, 0xDD, 0xFF, 0xFF
             EB F7 F7 EB EB DD DD
             FF FF
    00000F90 FF FF FF FF DD DD EB   251     .db 0xFF, 0xFF, 0xFF, 0xFF, 0xDD, 0xDD, 0xEB, 0xEB, 0xF7, 0xF7, 0xEF, 0xEF, 0xDF, 0xDF, 0xFF, 0xFF
             EB F7 F7 EF EF DF DF
             FF FF
    00000FA0 FF FF FF FF C1 C1 FB   252     .db 0xFF, 0xFF, 0xFF, 0xFF, 0xC1, 0xC1, 0xFB, 0xFB, 0xF7, 0xF7, 0xEF, 0xEF, 0xC1, 0xC1, 0xFF, 0xFF
             FB F7 F7 EF EF C1 C1
             FF FF
    00000FB0 F7 F7 EF EF EF EF DF   253     .db 0xF7, 0xF7, 0xEF, 0xEF, 0xEF, 0xEF, 0xDF, 0xDF, 0xEF, 0xEF, 0xEF, 0xEF, 0xF7, 0xF7, 0xFF, 0xFF
             DF EF EF EF EF F7 F7
             FF FF
    00000FC0 FF FF F7 F7 F7 F7 F7   254     .db 0xFF, 0xFF, 0xF7, 0xF7, 0xF7, 0xF7, 0xF7, 0xF7, 0xF7, 0xF7, 0xF7, 0xF7, 0xF7, 0xF7, 0xFF, 0xFF
             F7 F7 F7 F7 F7 F7 F7
             FF FF
    00000FD0 EF EF F7 F7 F7 F7 FB   255     .db 0xEF, 0xEF, 0xF7, 0xF7, 0xF7, 0xF7, 0xFB, 0xFB, 0xF7, 0xF7, 0xF7, 0xF7, 0xEF, 0xEF, 0xFF, 0xFF
             FB F7 F7 F7 F7 EF EF
             FF FF
    00000FE0 FF FF CD CD B3 B3 FF   256     .db 0xFF, 0xFF, 0xCD, 0xCD, 0xB3, 0xB3, 0xFF, 0xFF, 0xFF, 0xFF, 0xFF, 0xFF, 0xFF, 0xFF, 0xFF, 0xFF
             FF FF FF FF FF FF FF
             FF FF
    00000FF0 FF FF FF FF FF FF FF   257     .db 0xFF, 0xFF, 0xFF, 0xFF, 0xFF, 0xFF, 0xFF, 0xFF, 0xFF, 0xFF, 0xFF, 0xFF, 0xFF, 0xFF, 0xFF, 0xFF
             FF FF FF FF FF FF FF
             FF FF
ASxxxx Assembler V02.00 + NoICE + SDCC mods  (GameBoy Z80-like CPU), page 15.
Hexadecimal [32-Bits]

Symbol Table

    .__.$$$.=   00002710 L   |     .__.ABS.=   00000000 G   |     .__.CPU.=   00000000 L
    .__.H$L.=   00000000 L   |   0 _bg_tile    00000000 GR

ASxxxx Assembler V02.00 + NoICE + SDCC mods  (GameBoy Z80-like CPU), page 16.
Hexadecimal [32-Bits]

Area Table

   0 _CODE      size     1000   flags    0

